<?xml version="1.0" encoding="UTF-8"?>
<!-- Generated by org.testng.reporters.JUnitReportReporter -->
<testsuite skipped="0" hostname="CORPLC913696.local" name="com.pilvotest.SlackIntegration" tests="6" failures="0" timestamp="06 Feb 2020 05:32:08 GMT" time="3.544" errors="0">
  <testcase name="test" time="0.113" classname="com.pilvotest.SlackIntegration"/>
  <testcase name="VALIDATE_CREATE_CHANNEL" time="1.863" classname="com.pilvotest.SlackIntegration"/>
  <testcase name="VALIDATE_JOIN_CREATED_CHANNEL" time="0.349" classname="com.pilvotest.SlackIntegration"/>
  <testcase name="VALIDATE_RENAME_CHANNEL" time="0.426" classname="com.pilvotest.SlackIntegration"/>
  <testcase name="VALIDATE_LIST_OF_CHANNEL" time="0.399" classname="com.pilvotest.SlackIntegration"/>
  <testcase name="VALIDATE_ARCHIVE_CHANNEL" time="0.394" classname="com.pilvotest.SlackIntegration"/>
</testsuite> <!-- com.pilvotest.SlackIntegration -->
